AndroidRunner/Intermediate/Android/arm64/gradle/app/build/outputs/mapping/release/mapping.txt
# compiler: R8
# compiler_version: 1.5.69
# min_api: 21
# pg_map_id: 124815a
...
com.google.android.gms.common.api.internal.zzbg -> com.google.android.gms.common.api.internal.x:
    java.lang.ref.WeakReference zzfsn -> a
com.google.android.gms.common.api.internal.zzbi -> com.google.android.gms.common.api.internal.zzbi:
    android.content.Context mContext -> c
    int zzfst -> m
    com.google.android.gms.common.api.internal.zzbk zzfsp -> e
    com.google.android.gms.common.internal.zzr zzfpx -> h
    com.google.android.gms.common.zzf zzfqc -> d
    java.util.concurrent.locks.Condition zzfso -> b
    com.google.android.gms.common.api.internal.zzbh zzfsr -> k
    com.google.android.gms.common.api.Api$zza zzfmz -> j
    java.util.Map zzfqa -> i
    com.google.android.gms.common.api.internal.zzcd zzfsu -> o
    java.util.concurrent.locks.Lock zzfps -> a
    java.util.Map zzfsb -> f
    java.util.Map zzfsq -> g
    com.google.android.gms.common.ConnectionResult zzfss -> l
    com.google.android.gms.common.api.internal.zzba zzfpi -> n
    java.util.concurrent.locks.Lock zza(com.google.android.gms.common.api.internal.zzbi) -> a
    void zza(com.google.android.gms.common.api.internal.zzbj) -> a
    void zza(java.lang.RuntimeException) -> a
    void zzain() -> a
    void zzg(com.google.android.gms.common.ConnectionResult) -> a
    void zzaio() -> b
    com.google.android.gms.common.api.internal.zzbh zzb(com.google.android.gms.common.api.internal.zzbi) -> b
com.google.android.gms.common.api.internal.zzbj -> com.google.android.gms.common.api.internal.y:
    com.google.android.gms.common.api.internal.zzbh zzfsv -> a
    void zzaib() -> a
    void zzc(com.google.android.gms.common.api.internal.zzbi) -> a
com.google.android.gms.common.api.internal.zzbk -> com.google.android.gms.common.api.internal.z:
    com.google.android.gms.common.api.internal.zzbi zzfsw -> a
com.google.android.gms.common.api.internal.zzbl -> com.google.android.gms.common.api.internal.zzbl:
    java.util.concurrent.ExecutorService zzfsx -> a
com.google.android.gms.common.api.internal.zzbm -> com.google.android.gms.common.api.internal.zzbm:
    com.google.android.gms.common.GoogleApiAvailability zzfmy -> e
    long zzfrx -> b
    int zzftc -> f
    long zzfry -> a
    long zzfta -> c
    java.lang.Object sLock -> o
    android.content.Context mContext -> d
    java.util.concurrent.atomic.AtomicInteger zzfte -> h
    com.google.android.gms.common.api.Status zzfsz -> n
    com.google.android.gms.common.api.internal.zzbm zzftb -> p
    java.util.concurrent.atomic.AtomicInteger zzftd -> g
    com.google.android.gms.common.api.internal.zzah zzftf -> j
    java.util.Map zzfpy -> i
    android.os.Handler mHandler -> m
    java.util.Set zzftg -> k
    java.util.Set zzfth -> l
    int zza(com.google.android.gms.common.api.internal.zzbm,int) -> a
    android.app.PendingIntent zza(com.google.android.gms.common.api.internal.zzh,int) -> a
    android.os.Handler zza(com.google.android.gms.common.api.internal.zzbm) -> a
    void zzags() -> a
    void zzb(com.google.android.gms.common.api.GoogleApi) -> a
    void zzb(com.google.android.gms.common.api.internal.zzah) -> a
    boolean zzc(com.google.android.gms.common.ConnectionResult,int) -> a
    void zzait() -> b
    android.content.Context zzb(com.google.android.gms.common.api.internal.zzbm) -> b
    com.google.android.gms.common.api.Status zzaiu() -> c
    long zzc(com.google.android.gms.common.api.internal.zzbm) -> c
    java.lang.Object zzaiv() -> d
com.google.android.gms.common.api.internal.zzbn -> com.google.android.gms.common.api.internal.a0:
    com.google.android.gms.common.api.internal.zzbm zzfti -> a